android_app/app/build/intermediates/manifest_merge_blame_file/debug/processDebugMainManifest/manifest-merger-blame-debug-report.txt
1<?xml version="1.0" encoding="utf-8"?>
2<manifest xmlns:android="http://schemas.android.com/apk/res/android"
3    package="com.assistant.device"
4    android:versionCode="1"
5    android:versionName="1.0" >
6
7    <uses-sdk
8        android:minSdkVersion="26"
9        android:targetSdkVersion="34" />
10
11    <!-- Network -->
12    <uses-permission android:name="android.permission.INTERNET" />
12-->src/main/AndroidManifest.xml:5:5-67
12-->src/main/AndroidManifest.xml:5:22-64
13
14    <!-- Bluetooth -->
15    <uses-permission
15-->src/main/AndroidManifest.xml:8:5-95
16        android:name="android.permission.BLUETOOTH"
16-->src/main/AndroidManifest.xml:8:22-65
17        android:maxSdkVersion="30" />
17-->src/main/AndroidManifest.xml:8:66-92
18    <uses-permission
18-->src/main/AndroidManifest.xml:9:5-101
19        android:name="android.permission.BLUETOOTH_ADMIN"
19-->src/main/AndroidManifest.xml:9:22-71
20        android:maxSdkVersion="30" />
20-->src/main/AndroidManifest.xml:9:72-98
21    <uses-permission android:name="android.permission.BLUETOOTH_CONNECT" />
21-->src/main/AndroidManifest.xml:10:5-76
21-->src/main/AndroidManifest.xml:10:22-73
22    <uses-permission android:name="android.permission.BLUETOOTH_SCAN" />
22-->src/main/AndroidManifest.xml:11:5-73
22-->src/main/AndroidManifest.xml:11:22-70
23
24    <!-- Calendar & Service -->
25    <uses-permission android:name="android.permission.READ_CALENDAR" />
25-->src/main/AndroidManifest.xml:14:5-72
25-->src/main/AndroidManifest.xml:14:22-69
26    <uses-permission android:name="android.permission.RECORD_AUDIO" />
26-->src/main/AndroidManifest.xml:15:5-71
26-->src/main/AndroidManifest.xml:15:22-68
27    <uses-permission android:name="android.permission.FOREGROUND_SERVICE" />
27-->src/main/AndroidManifest.xml:16:5-77
27-->src/main/AndroidManifest.xml:16:22-74
28    <uses-permission android:name="android.permission.FOREGROUND_SERVICE_CONNECTED_DEVICE" />
28-->src/main/AndroidManifest.xml:17:5-94
28-->src/main/AndroidManifest.xml:17:22-91
29    <uses-permission android:name="android.permission.FOREGROUND_SERVICE_MICROPHONE" />
29-->src/main/AndroidManifest.xml:18:5-88
29-->src/main/AndroidManifest.xml:18:22-85
30    <uses-permission android:name="android.permission.FOREGROUND_SERVICE_DATA_SYNC" />
30-->src/main/AndroidManifest.xml:19:5-87
30-->src/main/AndroidManifest.xml:19:22-84
31    <uses-permission android:name="android.permission.POST_NOTIFICATIONS" />
31-->src/main/AndroidManifest.xml:20:5-77
31-->src/main/AndroidManifest.xml:20:22-74
32    <uses-permission android:name="android.permission.MODIFY_AUDIO_SETTINGS" />
32-->src/main/AndroidManifest.xml:21:5-80
32-->src/main/AndroidManifest.xml:21:22-77
33    <uses-permission android:name="android.permission.WAKE_LOCK" />
33-->src/main/AndroidManifest.xml:22:5-68
33-->src/main/AndroidManifest.xml:22:22-65
34
35    <!-- Package Visibility for Android 11+ (API 30+) -->
36    <uses-permission android:name="android.permission.QUERY_ALL_PACKAGES" />
36-->src/main/AndroidManifest.xml:25:5-77
36-->src/main/AndroidManifest.xml:25:22-74
37
38    <queries>
38-->src/main/AndroidManifest.xml:27:5-38:15
39        <intent>
39-->src/main/AndroidManifest.xml:28:9-31:18
40            <action android:name="android.intent.action.MAIN" />
40-->src/main/AndroidManifest.xml:29:13-65
40-->src/main/AndroidManifest.xml:29:21-62
41
42            <category android:name="android.intent.category.LAUNCHER" />
42-->src/main/AndroidManifest.xml:30:13-73
42-->src/main/AndroidManifest.xml:30:23-70
43        </intent>
44
45        <package android:name="com.whatsapp" />
45-->src/main/AndroidManifest.xml:32:9-48
45-->src/main/AndroidManifest.xml:32:18-45
46        <package android:name="com.google.android.youtube" />
46-->src/main/AndroidManifest.xml:33:9-62
46-->src/main/AndroidManifest.xml:33:18-59
47        <package android:name="com.spotify.music" />
47-->src/main/AndroidManifest.xml:34:9-53
47-->src/main/AndroidManifest.xml:34:18-50
48        <package android:name="com.google.android.gm" />
48-->src/main/AndroidManifest.xml:35:9-57
48-->src/main/AndroidManifest.xml:35:18-54
49        <package android:name="com.google.android.calendar" />
49-->src/main/AndroidManifest.xml:36:9-63
49-->src/main/AndroidManifest.xml:36:18-60
50        <package android:name="com.google.android.apps.maps" />
50-->src/main/AndroidManifest.xml:37:9-64
50-->src/main/AndroidManifest.xml:37:18-61
51    </queries>
52
53    <permission
53-->[androidx.core:core:1.12.0] AndroidManifest.xml:22:5-24:47
54        android:name="com.assistant.device.DYNAMIC_RECEIVER_NOT_EXPORTED_PERMISSION"
54-->[androidx.core:core:1.12.0] AndroidManifest.xml:23:9-81
55        android:protectionLevel="signature" />
55-->[androidx.core:core:1.12.0] AndroidManifest.xml:24:9-44
56
57    <uses-permission android:name="com.assistant.device.DYNAMIC_RECEIVER_NOT_EXPORTED_PERMISSION" />
57-->[androidx.core:core:1.12.0] AndroidManifest.xml:26:5-97
57-->[androidx.core:core:1.12.0] AndroidManifest.xml:26:22-94
58
59    <application
59-->src/main/AndroidManifest.xml:40:5-74:19
60        android:allowBackup="true"
60-->src/main/AndroidManifest.xml:41:9-35
61        android:appComponentFactory="androidx.core.app.CoreComponentFactory"
61-->[androidx.core:core:1.12.0] AndroidManifest.xml:28:18-86
62        android:debuggable="true"
63        android:extractNativeLibs="false"
64        android:icon="@android:drawable/sym_def_app_icon"
64-->src/main/AndroidManifest.xml:42:9-58
65        android:label="@string/app_name"
65-->src/main/AndroidManifest.xml:43:9-41
66        android:supportsRtl="true"
66-->src/main/AndroidManifest.xml:44:9-35
67        android:testOnly="true"
68        android:theme="@style/Theme.VirtualAssistantHub" >
68-->src/main/AndroidManifest.xml:45:9-57
69        <activity
69-->src/main/AndroidManifest.xml:47:9-54:20
70            android:name="com.assistant.device.MainActivity"
70-->src/main/AndroidManifest.xml:48:13-41
71            android:exported="true" >
71-->src/main/AndroidManifest.xml:49:13-36
72            <intent-filter>
72-->src/main/AndroidManifest.xml:50:13-53:29
73                <action android:name="android.intent.action.MAIN" />
73-->src/main/AndroidManifest.xml:29:13-65
73-->src/main/AndroidManifest.xml:29:21-62
74
75                <category android:name="android.intent.category.LAUNCHER" />
75-->src/main/AndroidManifest.xml:30:13-73
75-->src/main/AndroidManifest.xml:30:23-70
76            </intent-filter>
77        </activity>
78
79        <!-- Background Bluetooth & Audio Service -->
80        <service
80-->src/main/AndroidManifest.xml:57:9-61:83
81            android:name="com.assistant.device.BluetoothService"
81-->src/main/AndroidManifest.xml:58:13-45
82            android:enabled="true"
82-->src/main/AndroidManifest.xml:59:13-35
83            android:exported="false"
83-->src/main/AndroidManifest.xml:60:13-37
84            android:foregroundServiceType="connectedDevice|microphone|dataSync" />
84-->src/main/AndroidManifest.xml:61:13-80
85
86        <!-- Notification Listener Service -->
87        <service
87-->src/main/AndroidManifest.xml:64:9-72:19
88            android:name="com.assistant.device.NotificationService"
88-->src/main/AndroidManifest.xml:65:13-48
89            android:exported="true"
89-->src/main/AndroidManifest.xml:68:13-36
90            android:label="Assistant Notification Listener"
90-->src/main/AndroidManifest.xml:66:13-60
91            android:permission="android.permission.BIND_NOTIFICATION_LISTENER_SERVICE" >
91-->src/main/AndroidManifest.xml:67:13-87
92            <intent-filter>
92-->src/main/AndroidManifest.xml:69:13-71:29
93                <action android:name="android.service.notification.NotificationListenerService" />
93-->src/main/AndroidManifest.xml:70:17-99
93-->src/main/AndroidManifest.xml:70:25-96
94            </intent-filter>
95        </service>
96        <service
96-->[androidx.room:room-runtime:2.6.1] AndroidManifest.xml:24:9-28:63
97            android:name="androidx.room.MultiInstanceInvalidationService"
97-->[androidx.room:room-runtime:2.6.1] AndroidManifest.xml:25:13-74
98            android:directBootAware="true"
98-->[androidx.room:room-runtime:2.6.1] AndroidManifest.xml:26:13-43
99            android:exported="false" />
99-->[androidx.room:room-runtime:2.6.1] AndroidManifest.xml:27:13-37
100
101        <provider
101-->[androidx.emoji2:emoji2:1.2.0] AndroidManifest.xml:24:9-32:20
102            android:name="androidx.startup.InitializationProvider"
102-->[androidx.emoji2:emoji2:1.2.0] AndroidManifest.xml:25:13-67
103            android:authorities="com.assistant.device.androidx-startup"
103-->[androidx.emoji2:emoji2:1.2.0] AndroidManifest.xml:26:13-68
104            android:exported="false" >
104-->[androidx.emoji2:emoji2:1.2.0] AndroidManifest.xml:27:13-37
105            <meta-data
105-->[androidx.emoji2:emoji2:1.2.0] AndroidManifest.xml:29:13-31:52
106                android:name="androidx.emoji2.text.EmojiCompatInitializer"
106-->[androidx.emoji2:emoji2:1.2.0] AndroidManifest.xml:30:17-75
107                android:value="androidx.startup" />
107-->[androidx.emoji2:emoji2:1.2.0] AndroidManifest.xml:31:17-49
108            <meta-data
108-->[androidx.lifecycle:lifecycle-process:2.7.0] AndroidManifest.xml:29:13-31:52
109                android:name="androidx.lifecycle.ProcessLifecycleInitializer"
109-->[androidx.lifecycle:lifecycle-process:2.7.0] AndroidManifest.xml:30:17-78
110                android:value="androidx.startup" />
110-->[androidx.lifecycle:lifecycle-process:2.7.0] AndroidManifest.xml:31:17-49
111            <meta-data
111-->[androidx.profileinstaller:profileinstaller:1.3.0] AndroidManifest.xml:29:13-31:52
112                android:name="androidx.profileinstaller.ProfileInstallerInitializer"
112-->[androidx.profileinstaller:profileinstaller:1.3.0] AndroidManifest.xml:30:17-85
113                android:value="androidx.startup" />
113-->[androidx.profileinstaller:profileinstaller:1.3.0] AndroidManifest.xml:31:17-49
114        </provider>
115
116        <receiver
116-->[androidx.profileinstaller:profileinstaller:1.3.0] AndroidManifest.xml:34:9-52:20
117            android:name="androidx.profileinstaller.ProfileInstallReceiver"
117-->[androidx.profileinstaller:profileinstaller:1.3.0] AndroidManifest.xml:35:13-76
118            android:directBootAware="false"
118-->[androidx.profileinstaller:profileinstaller:1.3.0] AndroidManifest.xml:36:13-44
119            android:enabled="true"
119-->[androidx.profileinstaller:profileinstaller:1.3.0] AndroidManifest.xml:37:13-35
120            android:exported="true"
120-->[androidx.profileinstaller:profileinstaller:1.3.0] AndroidManifest.xml:38:13-36
121            android:permission="android.permission.DUMP" >
121-->[androidx.profileinstaller:profileinstaller:1.3.0] AndroidManifest.xml:39:13-57
122            <intent-filter>
122-->[androidx.profileinstaller:profileinstaller:1.3.0] AndroidManifest.xml:40:13-42:29
123                <action android:name="androidx.profileinstaller.action.INSTALL_PROFILE" />
123-->[androidx.profileinstaller:profileinstaller:1.3.0] AndroidManifest.xml:41:17-91
123-->[androidx.profileinstaller:profileinstaller:1.3.0] AndroidManifest.xml:41:25-88
124            </intent-filter>
125            <intent-filter>
125-->[androidx.profileinstaller:profileinstaller:1.3.0] AndroidManifest.xml:43:13-45:29
126                <action android:name="androidx.profileinstaller.action.SKIP_FILE" />
126-->[androidx.profileinstaller:profileinstaller:1.3.0] AndroidManifest.xml:44:17-85
126-->[androidx.profileinstaller:profileinstaller:1.3.0] AndroidManifest.xml:44:25-82
127            </intent-filter>
128            <intent-filter>
128-->[androidx.profileinstaller:profileinstaller:1.3.0] AndroidManifest.xml:46:13-48:29
129                <action android:name="androidx.profileinstaller.action.SAVE_PROFILE" />
129-->[androidx.profileinstaller:profileinstaller:1.3.0] AndroidManifest.xml:47:17-88
129-->[androidx.profileinstaller:profileinstaller:1.3.0] AndroidManifest.xml:47:25-85
130            </intent-filter>
131            <intent-filter>
131-->[androidx.profileinstaller:profileinstaller:1.3.0] AndroidManifest.xml:49:13-51:29
132                <action android:name="androidx.profileinstaller.action.BENCHMARK_OPERATION" />
132-->[androidx.profileinstaller:profileinstaller:1.3.0] AndroidManifest.xml:50:17-95
132-->[androidx.profileinstaller:profileinstaller:1.3.0] AndroidManifest.xml:50:25-92
133            </intent-filter>
134        </receiver>
135    </application>
136
137</manifest>